<?xml version="1.0" encoding="utf-8"?><testsuites name="pytest tests"><testsuite name="pytest" errors="0" failures="6" skipped="0" tests="69" time="14.646" timestamp="2026-08-23T06:28:48.761648+00:00" hostname="agent-env-2cc40dff-734e-48bf-b0e3-9eeafa3b46f5"><testcase classname="tests.test_auth" name="test_register_success_and_defaults" time="0.950" /><testcase classname="tests.test_admin" name="test_overview_counts" time="0.953" /><testcase classname="tests.test_auth" name="test_register_duplicate_email" time="0.146" /><testcase classname="tests.test_admin" name="test_queue_shape" time="0.048" /><testcase classname="tests.test_admin" name="test_version_diff" time="0.138" /><testcase classname="tests.test_auth" name="test_register_validation" time="0.360" /><testcase classname="tests.test_auth" name="test_register_age_confirm_enforced" time="0.320"><failure message="AssertionError: age_confirm=false accepted (status 200)&#10;assert 200 in (400, 422)&#10; +  where 200 = &lt;Response [200]&gt;.status_code">E   AssertionError: age_confirm=false accepted (status 200)
    assert 200 in (400, 422)
     +  where 200 = &lt;Response [200]&gt;.status_code</failure></testcase><testcase classname="tests.test_admin" name="test_moderate_mod_approve_flow" time="1.139" /><testcase classname="tests.test_auth" name="test_login_invalid_password" time="0.320" /><testcase classname="tests.test_auth" name="test_login_unknown_email" time="0.107" /><testcase classname="tests.test_admin" name="test_moderate_mod_other_actions" time="1.424" /><testcase classname="tests.test_auth" name="test_admin_login_and_role" time="0.469" /><testcase classname="tests.test_auth" name="test_creator_login_verified" time="0.379" /><testcase classname="tests.test_admin" name="test_moderate_invalid_action_and_404" time="0.316" /><testcase classname="tests.test_admin" name="test_moderate_version_approve" time="0.461" /><testcase classname="tests.test_auth" name="test_all_staff_logins" time="1.368" /><testcase classname="tests.test_auth" name="test_me_requires_auth" time="0.244" /><testcase classname="tests.test_admin" name="test_staff_pick_toggle" time="0.227" /><testcase classname="tests.test_auth" name="test_profile_update_persists" time="0.460" /><testcase classname="tests.test_admin" name="test_reports_list_and_sla" time="0.092" /><testcase classname="tests.test_auth" name="test_bcrypt_hash_format" time="0.094" /><testcase classname="tests.test_admin" name="test_report_create_and_resolve" time="0.729" /><testcase classname="tests.test_auth" name="test_admin_endpoints_require_token[/admin/overview]" time="0.095" /><testcase classname="tests.test_auth" name="test_admin_endpoints_require_token[/admin/queue]" time="0.136" /><testcase classname="tests.test_auth" name="test_admin_endpoints_require_token[/admin/reports]" time="0.133" /><testcase classname="tests.test_admin" name="test_reports_require_auth" time="0.108" /><testcase classname="tests.test_auth" name="test_admin_endpoints_require_token[/admin/users]" time="0.099" /><testcase classname="tests.test_admin" name="test_users_list_and_trust_updates" time="0.750" /><testcase classname="tests.test_auth" name="test_admin_endpoints_require_token[/admin/audit]" time="0.106" /><testcase classname="tests.test_auth" name="test_admin_endpoints_require_token[/admin/anomalies]" time="0.104" /><testcase classname="tests.test_auth" name="test_admin_endpoints_forbid_regular_user[/admin/overview]" time="0.409" /><testcase classname="tests.test_auth" name="test_admin_endpoints_forbid_regular_user[/admin/queue]" time="0.041" /><testcase classname="tests.test_auth" name="test_admin_endpoints_forbid_regular_user[/admin/reports]" time="0.044" /><testcase classname="tests.test_admin" name="test_ban_blocks_login_then_unban" time="1.324" /><testcase classname="tests.test_auth" name="test_admin_endpoints_forbid_regular_user[/admin/users]" time="0.043" /><testcase classname="tests.test_auth" name="test_admin_endpoints_forbid_regular_user[/admin/audit]" time="0.271" /><testcase classname="tests.test_auth" name="test_admin_endpoints_forbid_regular_user[/admin/anomalies]" time="0.054" /><testcase classname="tests.test_auth" name="test_admin_write_endpoints_forbid_regular_user" time="0.096" /><testcase classname="tests.test_auth" name="test_role_scoping" time="1.511" /><testcase classname="tests.test_admin" name="test_revoke_sessions_invalidates_token" time="0.562"><failure message="AssertionError: token still valid after revoke-sessions (revocation not enforced)&#10;assert 200 == 401&#10; +  where 200 = &lt;Response [200]&gt;.status_code">E   AssertionError: token still valid after revoke-sessions (revocation not enforced)
    assert 200 == 401
     +  where 200 = &lt;Response [200]&gt;.status_code</failure></testcase><testcase classname="tests.test_admin" name="test_audit_log_immutable_shape" time="0.133" /><testcase classname="tests.test_auth" name="test_brute_force_lockout" time="2.407"><failure message="AssertionError: no lockout after 6 failed logins: [401, 401, 401, 401, 401, 401]&#10;assert False&#10; +  where False = any(&lt;generator object test_brute_force_lockout.&lt;locals&gt;.&lt;genexpr&gt; at 0xf87cfd087030&gt;)">E   AssertionError: no lockout after 6 failed logins: [401, 401, 401, 401, 401, 401]
    assert False
     +  where False = any(&lt;generator object test_brute_force_lockout.&lt;locals&gt;.&lt;genexpr&gt; at 0xf87cfd087030&gt;)</failure></testcase><testcase classname="tests.test_admin" name="test_anomalies" time="0.048" /><testcase classname="tests.test_creator" name="test_creator_mods_requires_auth" time="0.355" /><testcase classname="tests.test_creator" name="test_creator_mods_list" time="0.228" /><testcase classname="tests.test_creator" name="test_creator_analytics" time="0.048" /><testcase classname="tests.test_creator" name="test_verified_creator_mod_autopublishes" time="0.615" /><testcase classname="tests.test_creator" name="test_new_user_mod_goes_to_review" time="0.320" /><testcase classname="tests.test_creator" name="test_create_mod_validation" time="0.151" /><testcase classname="tests.test_creator" name="test_upload_version_verified_creator" time="0.669" /><testcase classname="tests.test_auth" name="test_login_sets_httponly_cookie" time="0.363"><failure message="AssertionError: no httpOnly cookie set: '__cf_bm=2An1gGmZq9vqDj5553wo0LkWeGhBwy4ZpB1uWCOBRDg-1787466540.08796-1.0.1.1-gT.mQ2_TpkohiKU3y2JfbNSO40nsEoWW6RB5ZZspirDr0XUt_h_zME27Oxvx0sq_9KJxgYByiKoG7AcDtV8LxYeuXADhyM6_3R7pXRSXE3s8YJLIBN09cDHLHaYd1T9r; HttpOnly; SameSite=None; Secure; Path=/; Domain=preview.emergentagent.com; Expires=Sun, 23 Aug 2026 06:59:00 GMT'&#10;assert ('access_token' in '__cf_bm=2An1gGmZq9vqDj5553wo0LkWeGhBwy4ZpB1uWCOBRDg-1787466540.08796-1.0.1.1-gT.mQ2_TpkohiKU3y2JfbNSO40nsEoWW6RB5ZZsp...1T9r; HttpOnly; SameSite=None; Secure; Path=/; Domain=preview.emergentagent.com; Expires=Sun, 23 Aug 2026 06:59:00 GMT')">E   AssertionError: no httpOnly cookie set: '__cf_bm=2An1gGmZq9vqDj5553wo0LkWeGhBwy4ZpB1uWCOBRDg-1787466540.08796-1.0.1.1-gT.mQ2_TpkohiKU3y2JfbNSO40nsEoWW6RB5ZZspirDr0XUt_h_zME27Oxvx0sq_9KJxgYByiKoG7AcDtV8LxYeuXADhyM6_3R7pXRSXE3s8YJLIBN09cDHLHaYd1T9r; HttpOnly; SameSite=None; Secure; Path=/; Domain=preview.emergentagent.com; Expires=Sun, 23 Aug 2026 06:59:00 GMT'
    assert ('access_token' in '__cf_bm=2An1gGmZq9vqDj5553wo0LkWeGhBwy4ZpB1uWCOBRDg-1787466540.08796-1.0.1.1-gT.mQ2_TpkohiKU3y2JfbNSO40nsEoWW6RB5ZZsp...1T9r; HttpOnly; SameSite=None; Secure; Path=/; Domain=preview.emergentagent.com; Expires=Sun, 23 Aug 2026 06:59:00 GMT')</failure></testcase><testcase classname="tests.test_creator" name="test_upload_version_new_user_in_review" time="0.430" /><testcase classname="tests.test_public" name="test_games_list" time="0.102" /><testcase classname="tests.test_public" name="test_game_detail_and_404" time="0.192" /><testcase classname="tests.test_creator" name="test_upload_version_ownership_enforced" time="0.145" /><testcase classname="tests.test_creator" name="test_upload_version_unknown_mod" time="0.085" /><testcase classname="tests.test_public" name="test_mods_list_only_approved" time="0.094" /><testcase classname="tests.test_engagement" name="test_review_requires_auth" time="0.106" /><testcase classname="tests.test_public" name="test_mods_filters" time="0.597" /><testcase classname="tests.test_engagement" name="test_add_review_updates_rating" time="0.791" /><testcase classname="tests.test_public" name="test_mods_search_and_sort" time="0.297" /><testcase classname="tests.test_engagement" name="test_rating_aggregation_correct" time="0.534" /><testcase classname="tests.test_public" name="test_mod_detail_shape" time="0.403" /><testcase classname="tests.test_public" name="test_comments_endpoint" time="0.209" /><testcase classname="tests.test_engagement" name="test_add_comment_and_list" time="0.711" /><testcase classname="tests.test_public" name="test_download_increments_count" time="0.434" /><testcase classname="tests.test_public" name="test_download_unknown_version_404" time="0.135" /><testcase classname="tests.test_public" name="test_unapproved_mod_detail_exposure" time="0.101"><failure message="AssertionError: in_review mod is publicly readable (status=in_review)&#10;assert 200 == 404&#10; +  where 200 = &lt;Response [200]&gt;.status_code">E   AssertionError: in_review mod is publicly readable (status=in_review)
    assert 200 == 404
     +  where 200 = &lt;Response [200]&gt;.status_code</failure></testcase><testcase classname="tests.test_engagement" name="test_empty_comment_rejected" time="0.421"><failure message="AssertionError: blank comment accepted (200)&#10;assert 200 in (400, 422)&#10; +  where 200 = &lt;Response [200]&gt;.status_code">E   AssertionError: blank comment accepted (200)
    assert 200 in (400, 422)
     +  where 200 = &lt;Response [200]&gt;.status_code</failure></testcase></testsuite></testsuites>