<?xml version="1.0" encoding="utf-8"?><testsuites name="pytest tests"><testsuite name="pytest" errors="0" failures="2" skipped="0" tests="107" time="18.225" timestamp="2026-08-23T07:48:13.385670+00:00" hostname="agent-env-2cc40dff-734e-48bf-b0e3-9eeafa3b46f5"><testcase classname="tests.test_redesign.TestMarketplaceListing" name="test_list_returns_marketplace_fields" time="0.684" /><testcase classname="tests.test_auth" name="test_register_success_and_defaults" time="1.224" /><testcase classname="tests.test_redesign.TestMarketplaceListing" name="test_item_type_filter[Skin]" time="0.223" /><testcase classname="tests.test_redesign.TestMarketplaceListing" name="test_item_type_filter[Character]" time="0.316" /><testcase classname="tests.test_redesign.TestMarketplaceListing" name="test_item_type_filter[Build]" time="0.137" /><testcase classname="tests.test_auth" name="test_register_duplicate_email" time="0.096" /><testcase classname="tests.test_auth" name="test_register_validation" time="0.193" /><testcase classname="tests.test_redesign.TestMarketplaceListing" name="test_item_type_filter[World]" time="0.091" /><testcase classname="tests.test_redesign.TestMarketplaceListing" name="test_item_type_filter[Mod]" time="0.094" /><testcase classname="tests.test_auth" name="test_register_age_confirm_enforced" time="0.097" /><testcase classname="tests.test_redesign.TestMarketplaceListing" name="test_item_type_filter[Collectible]" time="0.097" /><testcase classname="tests.test_auth" name="test_login_invalid_password" time="0.319" /><testcase classname="tests.test_redesign.TestMarketplaceListing" name="test_rarity_filter[Common]" time="0.286" /><testcase classname="tests.test_auth" name="test_login_unknown_email" time="0.103" /><testcase classname="tests.test_redesign.TestMarketplaceListing" name="test_rarity_filter[Rare]" time="0.097" /><testcase classname="tests.test_redesign.TestMarketplaceListing" name="test_rarity_filter[Epic]" time="0.095" /><testcase classname="tests.test_redesign.TestMarketplaceListing" name="test_rarity_filter[Legendary]" time="0.229" /><testcase classname="tests.test_redesign.TestMarketplaceListing" name="test_combined_filter" time="0.098" /><testcase classname="tests.test_auth" name="test_admin_login_and_role" time="0.501" /><testcase classname="tests.test_redesign.TestMarketplaceListing" name="test_unknown_filter_returns_empty" time="0.131" /><testcase classname="tests.test_redesign.TestMarketplaceListing" name="test_staff_pick_filter" time="0.267" /><testcase classname="tests.test_auth" name="test_creator_login_verified" time="0.316" /><testcase classname="tests.test_redesign.TestMarketplaceListing" name="test_sorts[trending]" time="0.094" /><testcase classname="tests.test_redesign.TestMarketplaceListing" name="test_sorts[downloads]" time="0.235" /><testcase classname="tests.test_redesign.TestMarketplaceListing" name="test_sorts[rating]" time="0.099" /><testcase classname="tests.test_redesign.TestMarketplaceListing" name="test_sorts[newest]" time="0.263" /><testcase classname="tests.test_redesign.TestMarketplaceListing" name="test_downloads_sort_is_descending" time="0.095" /><testcase classname="tests.test_redesign.TestMarketplaceListing" name="test_search_query" time="0.257" /><testcase classname="tests.test_auth" name="test_all_staff_logins" time="1.358" /><testcase classname="tests.test_auth" name="test_me_requires_auth" time="0.313" /><testcase classname="tests.test_admin" name="test_overview_counts" time="0.630" /><testcase classname="tests.test_auth" name="test_profile_update_persists" time="0.302" /><testcase classname="tests.test_admin" name="test_queue_shape" time="0.046" /><testcase classname="tests.test_admin" name="test_version_diff" time="0.170" /><testcase classname="tests.test_auth" name="test_bcrypt_hash_format" time="0.068" /><testcase classname="tests.test_auth" name="test_admin_endpoints_require_token[/admin/overview]" time="0.175" /><testcase classname="tests.test_auth" name="test_admin_endpoints_require_token[/admin/queue]" time="0.113" /><testcase classname="tests.test_admin" name="test_moderate_mod_approve_flow" time="0.782" /><testcase classname="tests.test_auth" name="test_admin_endpoints_require_token[/admin/reports]" time="0.095" /><testcase classname="tests.test_auth" name="test_admin_endpoints_require_token[/admin/users]" time="0.141" /><testcase classname="tests.test_auth" name="test_admin_endpoints_require_token[/admin/audit]" time="0.092" /><testcase classname="tests.test_auth" name="test_admin_endpoints_require_token[/admin/anomalies]" time="0.090" /><testcase classname="tests.test_admin" name="test_moderate_mod_other_actions" time="0.858" /><testcase classname="tests.test_auth" name="test_admin_endpoints_forbid_regular_user[/admin/overview]" time="0.427" /><testcase classname="tests.test_auth" name="test_admin_endpoints_forbid_regular_user[/admin/queue]" time="0.082" /><testcase classname="tests.test_auth" name="test_admin_endpoints_forbid_regular_user[/admin/reports]" time="0.083" /><testcase classname="tests.test_auth" name="test_admin_endpoints_forbid_regular_user[/admin/users]" time="0.081" /><testcase classname="tests.test_auth" name="test_admin_endpoints_forbid_regular_user[/admin/audit]" time="0.048" /><testcase classname="tests.test_auth" name="test_admin_endpoints_forbid_regular_user[/admin/anomalies]" time="0.082" /><testcase classname="tests.test_admin" name="test_moderate_invalid_action_and_404" time="0.172" /><testcase classname="tests.test_auth" name="test_admin_write_endpoints_forbid_regular_user" time="0.083" /><testcase classname="tests.test_auth" name="test_role_scoping" time="0.800" /><testcase classname="tests.test_admin" name="test_moderate_version_approve" time="0.319" /><testcase classname="tests.test_admin" name="test_staff_pick_toggle" time="0.469" /><testcase classname="tests.test_auth" name="test_brute_force_lockout" time="2.609"><failure message="AssertionError: no lockout after 6 failed logins: [401, 401, 401, 401, 401, 401]&#10;assert False&#10; +  where False = any(&lt;generator object test_brute_force_lockout.&lt;locals&gt;.&lt;genexpr&gt; at 0xfea539f54790&gt;)">def test_brute_force_lockout():
        """5 consecutive bad passwords should lock/throttle the account (429/423)."""
        email = f"test_bf_{uuid.uuid4().hex[:8]}@kivoqa.io"
        requests.post(f"{API}/auth/register", json={
            "email": email, "password": "TestPass!2026", "name": "TEST_BF"}, timeout=30)
        codes = []
        for _ in range(6):
            codes.append(requests.post(f"{API}/auth/login", json={"email": email, "password": "nope"}, timeout=30).status_code)
&gt;       assert any(c in (423, 429) for c in codes), f"no lockout after 6 failed logins: {codes}"
E       AssertionError: no lockout after 6 failed logins: [401, 401, 401, 401, 401, 401]
E       assert False
E        +  where False = any(&lt;generator object test_brute_force_lockout.&lt;locals&gt;.&lt;genexpr&gt; at 0xfea539f54790&gt;)

tests/test_auth.py:154: AssertionError</failure></testcase><testcase classname="tests.test_admin" name="test_reports_list_and_sla" time="0.306" /><testcase classname="tests.test_admin" name="test_report_create_and_resolve" time="1.270" /><testcase classname="tests.test_admin" name="test_reports_require_auth" time="0.268" /><testcase classname="tests.test_admin" name="test_users_list_and_trust_updates" time="1.053" /><testcase classname="tests.test_auth" name="test_login_sets_httponly_cookie" time="0.321"><failure message="AssertionError: no httpOnly cookie set: '__cf_bm=tjRXKp6JtNOH_et2nLIZqDYJS256Yu8HvvqPnWJsYQk-1787471303.680636-1.0.1.1-ywBAioIcaFtbY281D8g1WlaNP0yVZCu1tGz2Z2GZJ8uVrzocuGOTn6dCv1CnjshGXAnU5x1rktnAXha4oW3n8q7RcYCharL.7gEplxSXZPiN3b2OWwQ3BRIA_mgZpGfT; HttpOnly; SameSite=None; Secure; Path=/; Domain=preview.emergentagent.com; Expires=Sun, 23 Aug 2026 08:18:23 GMT'&#10;assert ('access_token' in '__cf_bm=tjRXKp6JtNOH_et2nLIZqDYJS256Yu8HvvqPnWJsYQk-1787471303.680636-1.0.1.1-ywBAioIcaFtbY281D8g1WlaNP0yVZCu1tGz2Z2G...pGfT; HttpOnly; SameSite=None; Secure; Path=/; Domain=preview.emergentagent.com; Expires=Sun, 23 Aug 2026 08:18:23 GMT')">admin_creds = {'email': 'admin@kivo.dev', 'password': 'KivoAdmin!2026'}

    def test_login_sets_httponly_cookie(admin_creds):
        """get_current_user reads an access_token cookie; login should set it httpOnly."""
        r = requests.post(f"{API}/auth/login", json=admin_creds, timeout=30)
        assert r.status_code == 200
        cookie_header = r.headers.get("set-cookie", "")
&gt;       assert "access_token" in cookie_header and "HttpOnly" in cookie_header, f"no httpOnly cookie set: {cookie_header!r}"
E       AssertionError: no httpOnly cookie set: '__cf_bm=tjRXKp6JtNOH_et2nLIZqDYJS256Yu8HvvqPnWJsYQk-1787471303.680636-1.0.1.1-ywBAioIcaFtbY281D8g1WlaNP0yVZCu1tGz2Z2GZJ8uVrzocuGOTn6dCv1CnjshGXAnU5x1rktnAXha4oW3n8q7RcYCharL.7gEplxSXZPiN3b2OWwQ3BRIA_mgZpGfT; HttpOnly; SameSite=None; Secure; Path=/; Domain=preview.emergentagent.com; Expires=Sun, 23 Aug 2026 08:18:23 GMT'
E       assert ('access_token' in '__cf_bm=tjRXKp6JtNOH_et2nLIZqDYJS256Yu8HvvqPnWJsYQk-1787471303.680636-1.0.1.1-ywBAioIcaFtbY281D8g1WlaNP0yVZCu1tGz2Z2G...pGfT; HttpOnly; SameSite=None; Secure; Path=/; Domain=preview.emergentagent.com; Expires=Sun, 23 Aug 2026 08:18:23 GMT')

tests/test_auth.py:162: AssertionError</failure></testcase><testcase classname="tests.test_admin" name="test_ban_blocks_login_then_unban" time="1.160" /><testcase classname="tests.test_creator" name="test_creator_mods_requires_auth" time="0.418" /><testcase classname="tests.test_creator" name="test_creator_mods_list" time="0.056" /><testcase classname="tests.test_creator" name="test_creator_analytics" time="0.228" /><testcase classname="tests.test_creator" name="test_verified_creator_mod_autopublishes" time="0.137" /><testcase classname="tests.test_creator" name="test_new_user_mod_goes_to_review" time="0.317" /><testcase classname="tests.test_admin" name="test_revoke_sessions_invalidates_token" time="0.458" /><testcase classname="tests.test_creator" name="test_create_mod_validation" time="0.404" /><testcase classname="tests.test_creator" name="test_upload_version_verified_creator" time="0.351" /><testcase classname="tests.test_admin" name="test_audit_log_immutable_shape" time="0.090" /><testcase classname="tests.test_admin" name="test_anomalies" time="0.084" /><testcase classname="tests.test_public" name="test_games_list" time="0.096" /><testcase classname="tests.test_public" name="test_game_detail_and_404" time="0.280" /><testcase classname="tests.test_creator" name="test_upload_version_new_user_in_review" time="0.187" /><testcase classname="tests.test_creator" name="test_upload_version_ownership_enforced" time="0.171" /><testcase classname="tests.test_public" name="test_mods_list_only_approved" time="0.108" /><testcase classname="tests.test_creator" name="test_upload_version_unknown_mod" time="0.083" /><testcase classname="tests.test_public" name="test_mods_filters" time="0.417" /><testcase classname="tests.test_redesign.TestDemoAuth" name="test_demo_login[google-creator@kivo.dev-AuroraBlocks]" time="0.179" /><testcase classname="tests.test_redesign.TestDemoAuth" name="test_demo_login[discord-blockfan@kivo.dev-BlockFan]" time="0.237" /><testcase classname="tests.test_public" name="test_mods_search_and_sort" time="0.380" /><testcase classname="tests.test_redesign.TestDemoAuth" name="test_demo_login[staff-admin@kivo.dev-None]" time="0.241" /><testcase classname="tests.test_redesign.TestDemoAuth" name="test_demo_google_is_verified_creator" time="0.093" /><testcase classname="tests.test_public" name="test_mod_detail_shape" time="0.210" /><testcase classname="tests.test_redesign.TestDemoAuth" name="test_demo_staff_is_super_admin" time="0.091" /><testcase classname="tests.test_redesign.TestDemoAuth" name="test_demo_discord_is_regular_user" time="0.098" /><testcase classname="tests.test_public" name="test_comments_endpoint" time="0.191" /><testcase classname="tests.test_redesign.TestDemoAuth" name="test_demo_unknown_provider_falls_back" time="0.106" /><testcase classname="tests.test_redesign.TestDemoAuth" name="test_demo_empty_body" time="0.146" /><testcase classname="tests.test_public" name="test_download_increments_count" time="0.287" /><testcase classname="tests.test_redesign.TestDemoAuth" name="test_discord_user_cannot_access_admin" time="0.707" /><testcase classname="tests.test_public" name="test_download_unknown_version_404" time="0.131" /><testcase classname="tests.test_public" name="test_unapproved_mod_detail_exposure" time="0.093" /><testcase classname="tests.test_redesign.TestProductDetail" name="test_seeded_detail" time="0.098" /><testcase classname="tests.test_redesign.TestProductDetail" name="test_missing_slug_404" time="0.097" /><testcase classname="tests.test_redesign.TestProductDetail" name="test_download_increments_grabs" time="0.286" /><testcase classname="tests.test_redesign.TestDemoAuth" name="test_admin_endpoints_require_token" time="0.686" /><testcase classname="tests.test_redesign.TestProductDetail" name="test_pending_item_not_in_public_list" time="0.099" /><testcase classname="tests.test_redesign.TestSeededReviewQueue" name="test_queue_has_neon_golem" time="0.044" /><testcase classname="tests.test_redesign.TestSeededReviewQueue" name="test_reports_seeded" time="0.042" /><testcase classname="tests.test_redesign.TestSeededReviewQueue" name="test_overview" time="0.044" /><testcase classname="tests.test_redesign.TestGameHub" name="test_minecraft_hub" time="0.099" /><testcase classname="tests.test_engagement" name="test_review_requires_auth" time="0.091" /><testcase classname="tests.test_engagement" name="test_add_review_updates_rating" time="0.819" /><testcase classname="tests.test_engagement" name="test_rating_aggregation_blends_seeded_baseline" time="0.664" /><testcase classname="tests.test_engagement" name="test_add_comment_and_list" time="0.651" /><testcase classname="tests.test_engagement" name="test_empty_comment_rejected" time="0.415" /></testsuite></testsuites>