<?xml version="1.0" encoding="utf-8"?><testsuites name="pytest tests"><testsuite name="pytest" errors="0" failures="2" skipped="0" tests="132" time="48.358" timestamp="2026-08-23T08:14:33.818830+00:00" hostname="agent-env-2cc40dff-734e-48bf-b0e3-9eeafa3b46f5"><testcase classname="tests.test_redesign.TestMarketplaceListing" name="test_list_returns_marketplace_fields" time="0.342" /><testcase classname="tests.test_auth" name="test_register_success_and_defaults" time="0.668" /><testcase classname="tests.test_redesign.TestMarketplaceListing" name="test_item_type_filter[Skin]" time="0.316" /><testcase classname="tests.test_redesign.TestMarketplaceListing" name="test_item_type_filter[Character]" time="0.134" /><testcase classname="tests.test_auth" name="test_register_duplicate_email" time="0.115" /><testcase classname="tests.test_auth" name="test_register_validation" time="0.276" /><testcase classname="tests.test_redesign.TestMarketplaceListing" name="test_item_type_filter[Build]" time="0.102" /><testcase classname="tests.test_redesign.TestMarketplaceListing" name="test_item_type_filter[World]" time="0.097" /><testcase classname="tests.test_redesign.TestMarketplaceListing" name="test_item_type_filter[Mod]" time="0.098" /><testcase classname="tests.test_auth" name="test_register_age_confirm_enforced" time="0.100" /><testcase classname="tests.test_redesign.TestMarketplaceListing" name="test_item_type_filter[Collectible]" time="0.140" /><testcase classname="tests.test_auth" name="test_login_invalid_password" time="0.322" /><testcase classname="tests.test_redesign.TestMarketplaceListing" name="test_rarity_filter[Common]" time="0.254" /><testcase classname="tests.test_auth" name="test_login_unknown_email" time="0.172" /><testcase classname="tests.test_redesign.TestMarketplaceListing" name="test_rarity_filter[Rare]" time="0.150" /><testcase classname="tests.test_redesign.TestMarketplaceListing" name="test_rarity_filter[Epic]" time="0.101" /><testcase classname="tests.test_redesign.TestMarketplaceListing" name="test_rarity_filter[Legendary]" time="0.248" /><testcase classname="tests.test_redesign.TestMarketplaceListing" name="test_combined_filter" time="0.098" /><testcase classname="tests.test_auth" name="test_admin_login_and_role" time="0.476" /><testcase classname="tests.test_redesign.TestMarketplaceListing" name="test_unknown_filter_returns_empty" time="0.103" /><testcase classname="tests.test_redesign.TestMarketplaceListing" name="test_staff_pick_filter" time="0.296" /><testcase classname="tests.test_auth" name="test_creator_login_verified" time="0.353" /><testcase classname="tests.test_redesign.TestMarketplaceListing" name="test_sorts[trending]" time="0.104" /><testcase classname="tests.test_redesign.TestMarketplaceListing" name="test_sorts[downloads]" time="0.283" /><testcase classname="tests.test_redesign.TestMarketplaceListing" name="test_sorts[rating]" time="0.099" /><testcase classname="tests.test_redesign.TestMarketplaceListing" name="test_sorts[newest]" time="0.276" /><testcase classname="tests.test_redesign.TestMarketplaceListing" name="test_downloads_sort_is_descending" time="0.330" /><testcase classname="tests.test_redesign.TestMarketplaceListing" name="test_search_query" time="0.342" /><testcase classname="tests.test_auth" name="test_all_staff_logins" time="1.438" /><testcase classname="tests.test_auth" name="test_me_requires_auth" time="0.345" /><testcase classname="tests.test_auth" name="test_profile_update_persists" time="0.306" /><testcase classname="tests.test_admin" name="test_overview_counts" time="0.492" /><testcase classname="tests.test_admin" name="test_queue_shape" time="0.047" /><testcase classname="tests.test_admin" name="test_version_diff" time="0.155" /><testcase classname="tests.test_auth" name="test_bcrypt_hash_format" time="0.111" /><testcase classname="tests.test_auth" name="test_admin_endpoints_require_token[/admin/overview]" time="0.269" /><testcase classname="tests.test_admin" name="test_moderate_mod_approve_flow" time="0.773" /><testcase classname="tests.test_auth" name="test_admin_endpoints_require_token[/admin/queue]" time="0.148" /><testcase classname="tests.test_auth" name="test_admin_endpoints_require_token[/admin/reports]" time="0.125" /><testcase classname="tests.test_auth" name="test_admin_endpoints_require_token[/admin/users]" time="0.097" /><testcase classname="tests.test_auth" name="test_admin_endpoints_require_token[/admin/audit]" time="0.103" /><testcase classname="tests.test_admin" name="test_moderate_mod_other_actions" time="0.835" /><testcase classname="tests.test_auth" name="test_admin_endpoints_require_token[/admin/anomalies]" time="0.135" /><testcase classname="tests.test_auth" name="test_admin_endpoints_forbid_regular_user[/admin/overview]" time="0.454" /><testcase classname="tests.test_auth" name="test_admin_endpoints_forbid_regular_user[/admin/queue]" time="0.049" /><testcase classname="tests.test_auth" name="test_admin_endpoints_forbid_regular_user[/admin/reports]" time="0.052" /><testcase classname="tests.test_auth" name="test_admin_endpoints_forbid_regular_user[/admin/users]" time="0.052" /><testcase classname="tests.test_auth" name="test_admin_endpoints_forbid_regular_user[/admin/audit]" time="0.051" /><testcase classname="tests.test_admin" name="test_moderate_invalid_action_and_404" time="0.134" /><testcase classname="tests.test_auth" name="test_admin_endpoints_forbid_regular_user[/admin/anomalies]" time="0.050" /><testcase classname="tests.test_auth" name="test_admin_write_endpoints_forbid_regular_user" time="0.155" /><testcase classname="tests.test_admin" name="test_moderate_version_approve" time="0.277" /><testcase classname="tests.test_auth" name="test_role_scoping" time="1.208" /><testcase classname="tests.test_admin" name="test_staff_pick_toggle" time="0.271" /><testcase classname="tests.test_admin" name="test_reports_list_and_sla" time="0.138" /><testcase classname="tests.test_admin" name="test_report_create_and_resolve" time="0.974" /><testcase classname="tests.test_auth" name="test_brute_force_lockout" time="2.465" /><testcase classname="tests.test_admin" name="test_reports_require_auth" time="0.097" /><testcase classname="tests.test_admin" name="test_users_list_and_trust_updates" time="1.316" /><testcase classname="tests.test_admin" name="test_ban_blocks_login_then_unban" time="1.532" /><testcase classname="tests.test_auth" name="test_login_sets_httponly_cookie" time="0.463"><failure message="AssertionError: no httpOnly cookie set: '__cf_bm=jYR96v41.MOfc8gzxzvLIpVwrL77x.uOEOEMB3m6dwE-1787472884.3868763-1.0.1.1-l3w5t2FdmUGgr17lvnBVK9yBdIqGO1tluzkEk7MLgGdFKuJMKOFrxr4H7PWCTktjXRdl9NGm_cbctg7xZRIBSTJR._UM_5AFQYiFcueHglsHZqJtyCLM2NpWiCyhvyJc; HttpOnly; SameSite=None; Secure; Path=/; Domain=preview.emergentagent.com; Expires=Sun, 23 Aug 2026 08:44:44 GMT'&#10;assert ('access_token' in '__cf_bm=jYR96v41.MOfc8gzxzvLIpVwrL77x.uOEOEMB3m6dwE-1787472884.3868763-1.0.1.1-l3w5t2FdmUGgr17lvnBVK9yBdIqGO1tluzkEk7...vyJc; HttpOnly; SameSite=None; Secure; Path=/; Domain=preview.emergentagent.com; Expires=Sun, 23 Aug 2026 08:44:44 GMT')">E   AssertionError: no httpOnly cookie set: '__cf_bm=jYR96v41.MOfc8gzxzvLIpVwrL77x.uOEOEMB3m6dwE-1787472884.3868763-1.0.1.1-l3w5t2FdmUGgr17lvnBVK9yBdIqGO1tluzkEk7MLgGdFKuJMKOFrxr4H7PWCTktjXRdl9NGm_cbctg7xZRIBSTJR._UM_5AFQYiFcueHglsHZqJtyCLM2NpWiCyhvyJc; HttpOnly; SameSite=None; Secure; Path=/; Domain=preview.emergentagent.com; Expires=Sun, 23 Aug 2026 08:44:44 GMT'
    assert ('access_token' in '__cf_bm=jYR96v41.MOfc8gzxzvLIpVwrL77x.uOEOEMB3m6dwE-1787472884.3868763-1.0.1.1-l3w5t2FdmUGgr17lvnBVK9yBdIqGO1tluzkEk7...vyJc; HttpOnly; SameSite=None; Secure; Path=/; Domain=preview.emergentagent.com; Expires=Sun, 23 Aug 2026 08:44:44 GMT')</failure></testcase><testcase classname="tests.test_creator" name="test_creator_mods_requires_auth" time="0.387" /><testcase classname="tests.test_creator" name="test_creator_mods_list" time="0.062" /><testcase classname="tests.test_admin" name="test_revoke_sessions_invalidates_token" time="0.491" /><testcase classname="tests.test_creator" name="test_creator_analytics" time="0.267" /><testcase classname="tests.test_creator" name="test_verified_creator_mod_autopublishes" time="0.238" /><testcase classname="tests.test_admin" name="test_audit_log_immutable_shape" time="0.137" /><testcase classname="tests.test_creator" name="test_new_user_mod_goes_to_review" time="0.159" /><testcase classname="tests.test_admin" name="test_anomalies" time="0.048" /><testcase classname="tests.test_public" name="test_games_list" time="0.138" /><testcase classname="tests.test_creator" name="test_create_mod_validation" time="0.129" /><testcase classname="tests.test_public" name="test_game_detail_and_404" time="0.197" /><testcase classname="tests.test_creator" name="test_upload_version_verified_creator" time="0.343" /><testcase classname="tests.test_public" name="test_mods_list_only_approved" time="0.099" /><testcase classname="tests.test_public" name="test_mods_filters" time="0.437" /><testcase classname="tests.test_creator" name="test_upload_version_new_user_in_review" time="0.216" /><testcase classname="tests.test_creator" name="test_upload_version_ownership_enforced" time="0.150" /><testcase classname="tests.test_public" name="test_mods_search_and_sort" time="0.331" /><testcase classname="tests.test_creator" name="test_upload_version_unknown_mod" time="0.046" /><testcase classname="tests.test_redesign.TestDemoAuth" name="test_demo_login[google-creator@kivo.dev-AuroraBlocks]" time="0.192" /><testcase classname="tests.test_redesign.TestDemoAuth" name="test_demo_login[discord-blockfan@kivo.dev-BlockFan]" time="1.253" /><testcase classname="tests.test_public" name="test_mod_detail_shape" time="1.257" /><testcase classname="tests.test_redesign.TestDemoAuth" name="test_demo_login[staff-admin@kivo.dev-None]" time="0.245" /><testcase classname="tests.test_public" name="test_comments_endpoint" time="0.231" /><testcase classname="tests.test_redesign.TestDemoAuth" name="test_demo_google_is_verified_creator" time="0.119" /><testcase classname="tests.test_public" name="test_download_increments_count" time="0.312" /><testcase classname="tests.test_redesign.TestDemoAuth" name="test_demo_staff_is_super_admin" time="0.133" /><testcase classname="tests.test_redesign.TestDemoAuth" name="test_demo_discord_is_regular_user" time="0.097" /><testcase classname="tests.test_redesign.TestDemoAuth" name="test_demo_unknown_provider_falls_back" time="0.102" /><testcase classname="tests.test_public" name="test_download_unknown_version_404" time="0.134" /><testcase classname="tests.test_redesign.TestDemoAuth" name="test_demo_empty_body" time="0.135" /><testcase classname="tests.test_public" name="test_unapproved_mod_detail_exposure" time="0.097" /><testcase classname="tests.test_redesign.TestDemoAuth" name="test_discord_user_cannot_access_admin" time="0.848" /><testcase classname="tests.test_modrinth.TestInteractions" name="test_follow_toggle_and_persist" time="0.267" /><testcase classname="tests.test_modrinth.TestInteractions" name="test_favorite_and_bookmark_toggle" time="0.432" /><testcase classname="tests.test_modrinth.TestInteractions" name="test_favorite_count_increments" time="0.184" /><testcase classname="tests.test_redesign.TestDemoAuth" name="test_admin_endpoints_require_token" time="0.720" /><testcase classname="tests.test_modrinth.TestInteractions" name="test_follow_requires_auth" time="0.115" /><testcase classname="tests.test_modrinth.TestInteractions" name="test_follow_unknown_slug_404" time="0.088" /><testcase classname="tests.test_modrinth.TestInteractions" name="test_library_requires_auth" time="0.139" /><testcase classname="tests.test_modrinth.TestProjectEdit" name="test_edit_fields_persist" time="0.179" /><testcase classname="tests.test_modrinth.TestProjectEdit" name="test_edit_forbidden_for_other_user" time="0.171" /><testcase classname="tests.test_engagement" name="test_review_requires_auth" time="0.115" /><testcase classname="tests.test_modrinth.TestProjectEdit" name="test_edit_unknown_id_404" time="0.077" /><testcase classname="tests.test_engagement" name="test_add_review_updates_rating" time="1.581" /><testcase classname="tests.test_modrinth.TestProjectEdit" name="test_gallery_upload_and_serve" time="0.416" /><testcase classname="tests.test_modrinth.TestProjectEdit" name="test_gallery_upload_forbidden_other_user" time="0.105" /><testcase classname="tests.test_engagement" name="test_rating_aggregation_blends_seeded_baseline" time="0.828" /><testcase classname="tests.test_modrinth.TestVisibility" name="test_private_hidden_from_listing_but_owner_can_open" time="1.853"><failure message="Failed: PRIVATE project is readable anonymously via direct link GET /api/mods/{slug}">E   Failed: PRIVATE project is readable anonymously via direct link GET /api/mods/{slug}</failure></testcase><testcase classname="tests.test_modrinth.TestVisibility" name="test_unlisted_hidden_from_listing_reachable_by_link" time="0.524" /><testcase classname="tests.test_engagement" name="test_add_comment_and_list" time="0.697" /><testcase classname="tests.test_modrinth.TestVisibility" name="test_public_project_appears_in_listing" time="0.138" /><testcase classname="tests.test_modrinth.TestVisibility" name="test_invalid_visibility_falls_back_public" time="0.082" /><testcase classname="tests.test_engagement" name="test_empty_comment_rejected" time="0.475" /><testcase classname="tests.test_modrinth.TestCollections" name="test_create_list_get_and_items" time="0.438" /><testcase classname="tests.test_modrinth.TestCollections" name="test_create_collection_requires_name" time="0.061" /><testcase classname="tests.test_modrinth.TestNotifications" name="test_notifications_shape" time="0.044" /><testcase classname="tests.test_modrinth.TestNotifications" name="test_moderation_creates_owner_notification" time="0.175" /><testcase classname="tests.test_modrinth.TestCollections" name="test_collection_isolated_per_owner" time="0.129" /><testcase classname="tests.test_modrinth.TestCollections" name="test_collections_requires_auth" time="0.211" /><testcase classname="tests.test_modrinth.TestNotifications" name="test_read_all_clears_unread" time="0.124" /><testcase classname="tests.test_modrinth.TestNotifications" name="test_notifications_requires_auth" time="0.104" /><testcase classname="tests.test_redesign.TestProductDetail" name="test_seeded_detail" time="0.104" /><testcase classname="tests.test_redesign.TestSeededReviewQueue" name="test_queue_has_neon_golem" time="0.046" /><testcase classname="tests.test_redesign.TestProductDetail" name="test_missing_slug_404" time="0.092" /><testcase classname="tests.test_redesign.TestSeededReviewQueue" name="test_reports_seeded" time="0.046" /><testcase classname="tests.test_redesign.TestSeededReviewQueue" name="test_overview" time="0.087" /><testcase classname="tests.test_redesign.TestProductDetail" name="test_download_increments_grabs" time="19.687" /><testcase classname="tests.test_modrinth.TestOrganizations" name="test_create_and_list_org" time="0.088" /><testcase classname="tests.test_modrinth.TestOrganizations" name="test_org_requires_name" time="0.054" /><testcase classname="tests.test_redesign.TestProductDetail" name="test_pending_item_not_in_public_list" time="0.123" /><testcase classname="tests.test_redesign.TestGameHub" name="test_minecraft_hub" time="7.376" /></testsuite></testsuites>